<?xml version="1.0" encoding="UTF-8"?>
<!-- Generated by org.testng.reporters.JUnitXMLReporter -->
<testsuite hostname="Laptop03" ignored="0" name="Test" tests="3" failures="0" timestamp="08 Dec 2017 11:51:12 GMT" time="68.835" errors="0">
  <testcase name="tearUP" time="64.364" classname="test.java.testcases.Login"/>
  <testcase name="testMe" time="4.377" classname="test.java.testcases.Login"/>
  <testcase name="verifyTitle" time="0.02" classname="test.java.testcases.VerifyLandingPage"/>
</testsuite> <!-- Test -->
